{"/home/pk/Dev/savasana/app.js": {"path":"/home/pk/Dev/savasana/app.js","statementMap":{"0":{"start":{"line":1,"column":16},"end":{"line":1,"column":34}},"1":{"start":{"line":2,"column":12},"end":{"line":2,"column":21}},"2":{"start":{"line":3,"column":15},"end":{"line":3,"column":41}},"3":{"start":{"line":4,"column":0},"end":{"line":4,"column":27}},"4":{"start":{"line":5,"column":27},"end":{"line":5,"column":61}},"5":{"start":{"line":7,"column":0},"end":{"line":7,"column":17}},"6":{"start":{"line":9,"column":0},"end":{"line":9,"column":24}},"7":{"start":{"line":11,"column":0},"end":{"line":11,"column":24}},"8":{"start":{"line":13,"column":0},"end":{"line":15,"column":3}},"9":{"start":{"line":14,"column":1},"end":{"line":14,"column":29}},"10":{"start":{"line":17,"column":0},"end":{"line":17,"column":21}}},"fnMap":{"0":{"name":"(anonymous_0)","decl":{"start":{"line":13,"column":13},"end":{"line":13,"column":14}},"loc":{"start":{"line":13,"column":27},"end":{"line":15,"column":1}},"line":13}},"branchMap":{},"s":{"0":1,"1":1,"2":1,"3":1,"4":1,"5":1,"6":1,"7":1,"8":1,"9":0,"10":1},"f":{"0":0},"b":{},"_coverageSchema":"1a1c01bbd47fc00a2c39e90264f33305004495a9","hash":"d142155b034a34e5401084b5370077f4dd5e928c"}
,"/home/pk/Dev/savasana/config/mongodb.config.js": {"path":"/home/pk/Dev/savasana/config/mongodb.config.js","statementMap":{"0":{"start":{"line":1,"column":17},"end":{"line":1,"column":36}},"1":{"start":{"line":2,"column":15},"end":{"line":2,"column":42}},"2":{"start":{"line":4,"column":23},"end":{"line":15,"column":1}},"3":{"start":{"line":5,"column":1},"end":{"line":14,"column":2}},"4":{"start":{"line":6,"column":2},"end":{"line":9,"column":5}},"5":{"start":{"line":10,"column":2},"end":{"line":10,"column":35}},"6":{"start":{"line":12,"column":2},"end":{"line":12,"column":72}},"7":{"start":{"line":13,"column":2},"end":{"line":13,"column":18}},"8":{"start":{"line":17,"column":26},"end":{"line":25,"column":1}},"9":{"start":{"line":18,"column":1},"end":{"line":24,"column":2}},"10":{"start":{"line":19,"column":2},"end":{"line":19,"column":30}},"11":{"start":{"line":20,"column":2},"end":{"line":20,"column":38}},"12":{"start":{"line":22,"column":2},"end":{"line":22,"column":77}},"13":{"start":{"line":23,"column":2},"end":{"line":23,"column":18}},"14":{"start":{"line":27,"column":0},"end":{"line":27,"column":55}}},"fnMap":{"0":{"name":"(anonymous_0)","decl":{"start":{"line":4,"column":23},"end":{"line":4,"column":24}},"loc":{"start":{"line":4,"column":35},"end":{"line":15,"column":1}},"line":4},"1":{"name":"(anonymous_1)","decl":{"start":{"line":17,"column":26},"end":{"line":17,"column":27}},"loc":{"start":{"line":17,"column":38},"end":{"line":25,"column":1}},"line":17}},"branchMap":{},"s":{"0":2,"1":2,"2":2,"3":3,"4":3,"5":3,"6":0,"7":0,"8":2,"9":2,"10":2,"11":2,"12":0,"13":0,"14":2},"f":{"0":3,"1":2},"b":{},"_coverageSchema":"1a1c01bbd47fc00a2c39e90264f33305004495a9","hash":"908f18f927e625d1659042593192bfa43c93e47a"}
,"/home/pk/Dev/savasana/controllers/book.controller.js": {"path":"/home/pk/Dev/savasana/controllers/book.controller.js","statementMap":{"0":{"start":{"line":8,"column":4},"end":{"line":8,"column":33}},"1":{"start":{"line":10,"column":25},"end":{"line":10,"column":59}},"2":{"start":{"line":12,"column":0},"end":{"line":26,"column":2}},"3":{"start":{"line":13,"column":1},"end":{"line":25,"column":2}},"4":{"start":{"line":14,"column":15},"end":{"line":14,"column":48}},"5":{"start":{"line":15,"column":16},"end":{"line":15,"column":47}},"6":{"start":{"line":16,"column":17},"end":{"line":16,"column":39}},"7":{"start":{"line":17,"column":15},"end":{"line":17,"column":40}},"8":{"start":{"line":18,"column":16},"end":{"line":18,"column":40}},"9":{"start":{"line":20,"column":16},"end":{"line":20,"column":73}},"10":{"start":{"line":22,"column":2},"end":{"line":22,"column":22}},"11":{"start":{"line":24,"column":2},"end":{"line":24,"column":73}},"12":{"start":{"line":28,"column":0},"end":{"line":59,"column":2}},"13":{"start":{"line":29,"column":1},"end":{"line":58,"column":2}},"14":{"start":{"line":31,"column":3},"end":{"line":31,"column":11}},"15":{"start":{"line":33,"column":15},"end":{"line":41,"column":3}},"16":{"start":{"line":43,"column":16},"end":{"line":43,"column":34}},"17":{"start":{"line":45,"column":2},"end":{"line":47,"column":3}},"18":{"start":{"line":46,"column":3},"end":{"line":46,"column":47}},"19":{"start":{"line":49,"column":2},"end":{"line":51,"column":3}},"20":{"start":{"line":50,"column":3},"end":{"line":50,"column":63}},"21":{"start":{"line":53,"column":18},"end":{"line":53,"column":41}},"22":{"start":{"line":54,"column":2},"end":{"line":54,"column":56}},"23":{"start":{"line":56,"column":2},"end":{"line":56,"column":29}},"24":{"start":{"line":57,"column":2},"end":{"line":57,"column":71}},"25":{"start":{"line":61,"column":0},"end":{"line":72,"column":2}},"26":{"start":{"line":62,"column":1},"end":{"line":71,"column":2}},"27":{"start":{"line":63,"column":17},"end":{"line":63,"column":27}},"28":{"start":{"line":64,"column":15},"end":{"line":64,"column":42}},"29":{"start":{"line":65,"column":2},"end":{"line":67,"column":3}},"30":{"start":{"line":66,"column":3},"end":{"line":66,"column":58}},"31":{"start":{"line":68,"column":2},"end":{"line":68,"column":40}},"32":{"start":{"line":70,"column":2},"end":{"line":70,"column":72}},"33":{"start":{"line":74,"column":0},"end":{"line":97,"column":2}},"34":{"start":{"line":75,"column":1},"end":{"line":96,"column":2}},"35":{"start":{"line":76,"column":17},"end":{"line":76,"column":27}},"36":{"start":{"line":78,"column":3},"end":{"line":78,"column":11}},"37":{"start":{"line":80,"column":15},"end":{"line":88,"column":3}},"38":{"start":{"line":89,"column":22},"end":{"line":89,"column":52}},"39":{"start":{"line":90,"column":2},"end":{"line":92,"column":3}},"40":{"start":{"line":91,"column":3},"end":{"line":91,"column":58}},"41":{"start":{"line":93,"column":2},"end":{"line":93,"column":62}},"42":{"start":{"line":95,"column":2},"end":{"line":95,"column":73}},"43":{"start":{"line":99,"column":0},"end":{"line":110,"column":2}},"44":{"start":{"line":100,"column":1},"end":{"line":109,"column":2}},"45":{"start":{"line":101,"column":17},"end":{"line":101,"column":27}},"46":{"start":{"line":102,"column":22},"end":{"line":102,"column":48}},"47":{"start":{"line":103,"column":2},"end":{"line":105,"column":3}},"48":{"start":{"line":104,"column":3},"end":{"line":104,"column":58}},"49":{"start":{"line":106,"column":2},"end":{"line":106,"column":62}},"50":{"start":{"line":108,"column":2},"end":{"line":108,"column":73}}},"fnMap":{"0":{"name":"(anonymous_0)","decl":{"start":{"line":12,"column":22},"end":{"line":12,"column":23}},"loc":{"start":{"line":12,"column":42},"end":{"line":26,"column":1}},"line":12},"1":{"name":"(anonymous_1)","decl":{"start":{"line":28,"column":18},"end":{"line":28,"column":19}},"loc":{"start":{"line":28,"column":38},"end":{"line":59,"column":1}},"line":28},"2":{"name":"(anonymous_2)","decl":{"start":{"line":61,"column":22},"end":{"line":61,"column":23}},"loc":{"start":{"line":61,"column":42},"end":{"line":72,"column":1}},"line":61},"3":{"name":"(anonymous_3)","decl":{"start":{"line":74,"column":21},"end":{"line":74,"column":22}},"loc":{"start":{"line":74,"column":41},"end":{"line":97,"column":1}},"line":74},"4":{"name":"(anonymous_4)","decl":{"start":{"line":99,"column":21},"end":{"line":99,"column":22}},"loc":{"start":{"line":99,"column":41},"end":{"line":110,"column":1}},"line":99}},"branchMap":{"0":{"loc":{"start":{"line":14,"column":15},"end":{"line":14,"column":48}},"type":"binary-expr","locations":[{"start":{"line":14,"column":15},"end":{"line":14,"column":43}},{"start":{"line":14,"column":47},"end":{"line":14,"column":48}}],"line":14},"1":{"loc":{"start":{"line":15,"column":16},"end":{"line":15,"column":47}},"type":"binary-expr","locations":[{"start":{"line":15,"column":16},"end":{"line":15,"column":41}},{"start":{"line":15,"column":45},"end":{"line":15,"column":47}}],"line":15},"2":{"loc":{"start":{"line":16,"column":17},"end":{"line":16,"column":39}},"type":"binary-expr","locations":[{"start":{"line":16,"column":17},"end":{"line":16,"column":33}},{"start":{"line":16,"column":37},"end":{"line":16,"column":39}}],"line":16},"3":{"loc":{"start":{"line":17,"column":15},"end":{"line":17,"column":40}},"type":"binary-expr","locations":[{"start":{"line":17,"column":15},"end":{"line":17,"column":29}},{"start":{"line":17,"column":33},"end":{"line":17,"column":40}}],"line":17},"4":{"loc":{"start":{"line":18,"column":16},"end":{"line":18,"column":40}},"type":"binary-expr","locations":[{"start":{"line":18,"column":16},"end":{"line":18,"column":31}},{"start":{"line":18,"column":35},"end":{"line":18,"column":40}}],"line":18},"5":{"loc":{"start":{"line":45,"column":2},"end":{"line":47,"column":3}},"type":"if","locations":[{"start":{"line":45,"column":2},"end":{"line":47,"column":3}},{"start":{},"end":{}}],"line":45},"6":{"loc":{"start":{"line":49,"column":2},"end":{"line":51,"column":3}},"type":"if","locations":[{"start":{"line":49,"column":2},"end":{"line":51,"column":3}},{"start":{},"end":{}}],"line":49},"7":{"loc":{"start":{"line":65,"column":2},"end":{"line":67,"column":3}},"type":"if","locations":[{"start":{"line":65,"column":2},"end":{"line":67,"column":3}},{"start":{},"end":{}}],"line":65},"8":{"loc":{"start":{"line":90,"column":2},"end":{"line":92,"column":3}},"type":"if","locations":[{"start":{"line":90,"column":2},"end":{"line":92,"column":3}},{"start":{},"end":{}}],"line":90},"9":{"loc":{"start":{"line":103,"column":2},"end":{"line":105,"column":3}},"type":"if","locations":[{"start":{"line":103,"column":2},"end":{"line":105,"column":3}},{"start":{},"end":{}}],"line":103}},"s":{"0":1,"1":1,"2":1,"3":3,"4":3,"5":3,"6":3,"7":3,"8":3,"9":3,"10":2,"11":1,"12":1,"13":3,"14":3,"15":3,"16":3,"17":3,"18":1,"19":2,"20":1,"21":1,"22":1,"23":0,"24":0,"25":1,"26":3,"27":3,"28":3,"29":2,"30":1,"31":1,"32":1,"33":1,"34":3,"35":3,"36":3,"37":3,"38":3,"39":2,"40":1,"41":1,"42":1,"43":1,"44":3,"45":3,"46":3,"47":2,"48":1,"49":1,"50":1},"f":{"0":3,"1":3,"2":3,"3":3,"4":3},"b":{"0":[3,3],"1":[3,2],"2":[3,3],"3":[3,3],"4":[3,3],"5":[1,2],"6":[1,1],"7":[1,1],"8":[1,1],"9":[1,1]},"_coverageSchema":"1a1c01bbd47fc00a2c39e90264f33305004495a9","hash":"023c438601e2dd359e5a086f24a4e17e3cc21157"}
,"/home/pk/Dev/savasana/routes/routes.js": {"path":"/home/pk/Dev/savasana/routes/routes.js","statementMap":{"0":{"start":{"line":1,"column":16},"end":{"line":1,"column":34}},"1":{"start":{"line":2,"column":15},"end":{"line":2,"column":31}},"2":{"start":{"line":10,"column":4},"end":{"line":10,"column":45}},"3":{"start":{"line":12,"column":0},"end":{"line":12,"column":37}},"4":{"start":{"line":13,"column":0},"end":{"line":13,"column":41}},"5":{"start":{"line":14,"column":0},"end":{"line":14,"column":33}},"6":{"start":{"line":15,"column":0},"end":{"line":15,"column":42}},"7":{"start":{"line":16,"column":0},"end":{"line":16,"column":45}},"8":{"start":{"line":18,"column":0},"end":{"line":18,"column":24}}},"fnMap":{},"branchMap":{},"s":{"0":1,"1":1,"2":1,"3":1,"4":1,"5":1,"6":1,"7":1,"8":1},"f":{},"b":{},"_coverageSchema":"1a1c01bbd47fc00a2c39e90264f33305004495a9","hash":"53c5d4c5bb70585259a13d7b42b8072627889e14"}
,"/home/pk/Dev/savasana/utils/validate.utils.js": {"path":"/home/pk/Dev/savasana/utils/validate.utils.js","statementMap":{"0":{"start":{"line":1,"column":0},"end":{"line":15,"column":2}},"1":{"start":{"line":2,"column":16},"end":{"line":2,"column":18}},"2":{"start":{"line":3,"column":1},"end":{"line":7,"column":2}},"3":{"start":{"line":4,"column":2},"end":{"line":6,"column":3}},"4":{"start":{"line":5,"column":3},"end":{"line":5,"column":37}},"5":{"start":{"line":8,"column":1},"end":{"line":10,"column":2}},"6":{"start":{"line":9,"column":2},"end":{"line":9,"column":42}},"7":{"start":{"line":11,"column":1},"end":{"line":13,"column":2}},"8":{"start":{"line":12,"column":2},"end":{"line":12,"column":45}},"9":{"start":{"line":14,"column":1},"end":{"line":14,"column":15}}},"fnMap":{"0":{"name":"(anonymous_0)","decl":{"start":{"line":1,"column":23},"end":{"line":1,"column":24}},"loc":{"start":{"line":1,"column":31},"end":{"line":15,"column":1}},"line":1}},"branchMap":{"0":{"loc":{"start":{"line":4,"column":2},"end":{"line":6,"column":3}},"type":"if","locations":[{"start":{"line":4,"column":2},"end":{"line":6,"column":3}},{"start":{},"end":{}}],"line":4},"1":{"loc":{"start":{"line":8,"column":1},"end":{"line":10,"column":2}},"type":"if","locations":[{"start":{"line":8,"column":1},"end":{"line":10,"column":2}},{"start":{},"end":{}}],"line":8},"2":{"loc":{"start":{"line":11,"column":1},"end":{"line":13,"column":2}},"type":"if","locations":[{"start":{"line":11,"column":1},"end":{"line":13,"column":2}},{"start":{},"end":{}}],"line":11}},"s":{"0":1,"1":3,"2":3,"3":21,"4":1,"5":3,"6":1,"7":3,"8":0,"9":3},"f":{"0":3},"b":{"0":[1,20],"1":[1,2],"2":[0,3]},"_coverageSchema":"1a1c01bbd47fc00a2c39e90264f33305004495a9","hash":"b6a3a79eb2a96b78aec509abaa0b7f63860e0675"}
}
