TN:
SF:app.js
FN:13,(anonymous_0)
FNF:1
FNH:0
FNDA:0,(anonymous_0)
DA:1,1
DA:2,1
DA:3,1
DA:4,1
DA:5,1
DA:7,1
DA:9,1
DA:11,1
DA:13,1
DA:14,0
DA:17,1
LF:11
LH:10
BRF:0
BRH:0
end_of_record
TN:
SF:config/mongodb.config.js
FN:4,(anonymous_0)
FN:17,(anonymous_1)
FNF:2
FNH:2
FNDA:3,(anonymous_0)
FNDA:2,(anonymous_1)
DA:1,2
DA:2,2
DA:4,2
DA:5,3
DA:6,3
DA:10,3
DA:12,0
DA:13,0
DA:17,2
DA:18,2
DA:19,2
DA:20,2
DA:22,0
DA:23,0
DA:27,2
LF:15
LH:11
BRF:0
BRH:0
end_of_record
TN:
SF:controllers/book.controller.js
FN:12,(anonymous_0)
FN:28,(anonymous_1)
FN:61,(anonymous_2)
FN:74,(anonymous_3)
FN:99,(anonymous_4)
FNF:5
FNH:5
FNDA:3,(anonymous_0)
FNDA:3,(anonymous_1)
FNDA:3,(anonymous_2)
FNDA:3,(anonymous_3)
FNDA:3,(anonymous_4)
DA:8,1
DA:10,1
DA:12,1
DA:13,3
DA:14,3
DA:15,3
DA:16,3
DA:17,3
DA:18,3
DA:20,3
DA:22,2
DA:24,1
DA:28,1
DA:29,3
DA:31,3
DA:33,3
DA:43,3
DA:45,3
DA:46,1
DA:49,2
DA:50,1
DA:53,1
DA:54,1
DA:56,0
DA:57,0
DA:61,1
DA:62,3
DA:63,3
DA:64,3
DA:65,2
DA:66,1
DA:68,1
DA:70,1
DA:74,1
DA:75,3
DA:76,3
DA:78,3
DA:80,3
DA:89,3
DA:90,2
DA:91,1
DA:93,1
DA:95,1
DA:99,1
DA:100,3
DA:101,3
DA:102,3
DA:103,2
DA:104,1
DA:106,1
DA:108,1
LF:51
LH:49
BRDA:14,0,0,3
BRDA:14,0,1,3
BRDA:15,1,0,3
BRDA:15,1,1,2
BRDA:16,2,0,3
BRDA:16,2,1,3
BRDA:17,3,0,3
BRDA:17,3,1,3
BRDA:18,4,0,3
BRDA:18,4,1,3
BRDA:45,5,0,1
BRDA:45,5,1,2
BRDA:49,6,0,1
BRDA:49,6,1,1
BRDA:65,7,0,1
BRDA:65,7,1,1
BRDA:90,8,0,1
BRDA:90,8,1,1
BRDA:103,9,0,1
BRDA:103,9,1,1
BRF:20
BRH:20
end_of_record
TN:
SF:routes/routes.js
FNF:0
FNH:0
DA:1,1
DA:2,1
DA:10,1
DA:12,1
DA:13,1
DA:14,1
DA:15,1
DA:16,1
DA:18,1
LF:9
LH:9
BRF:0
BRH:0
end_of_record
TN:
SF:utils/validate.utils.js
FN:1,(anonymous_0)
FNF:1
FNH:1
FNDA:3,(anonymous_0)
DA:1,1
DA:2,3
DA:3,3
DA:4,21
DA:5,1
DA:8,3
DA:9,1
DA:11,3
DA:12,0
DA:14,3
LF:10
LH:9
BRDA:4,0,0,1
BRDA:4,0,1,20
BRDA:8,1,0,1
BRDA:8,1,1,2
BRDA:11,2,0,0
BRDA:11,2,1,3
BRF:6
BRH:5
end_of_record
